[ [ { start: '06:00',
      title: 'A&G ARTIST ZONE Mia REGINAのTHE CATCH' },
    { start: '06:00', title: 'A&G ARTIST ZONE 22/7のTHE CATCH' },
    { start: '06:00',
      title: 'A&G ARTIST ZONE Luce Twinkle wink☆のTHE CATCH' },
    { start: '06:00', title: 'A&G ARTIST ZONE YURiKAのTHE CATCH' },
    { start: '06:00', title: 'A&G ARTIST ZONE A応PのTHE CATCH' },
    { start: '06:00',
      title: '文化放送モバイルplus presents 生放送！小野友樹の15分はキミ次第!!拡大SPECIAL' },
    { start: '06:00', title: '超！Ａ＆Ｇ＋ スペシャル' } ],
  [ { start: '07:00', title: 'ガールズジョッキー ラジオステークス' },
    { start: '07:00', title: '石原夏織のCarry up!?' },
    { start: '07:00', title: '竹達彩奈「ひみつのラジオ」' },
    { start: '07:00', title: 'i☆Ristation!!' },
    { start: '07:00', title: 'Pyxisの夜空の下　de Meeting' },
    { start: '07:00', title: 'アニきゅん！' },
    { start: '07:00', title: '三澤紗千香のラジオを聴くじゃんね！' } ],
  [ { start: '07:30', title: '人生道でも飯田里穂' },
    { start: '07:30', title: '温泉むすめ放送部' },
    { start: '07:30', title: 'TrySailのTRYangle harmony' },
    { start: '07:30', title: '楠田亜衣奈・渡部優衣の気分上等↑↑' },
    { start: '07:30', title: 'ヲタ恋ラジヲ～ラジオは専門外ですけどがんばります。～' },
    { start: '', title: '' },
    { start: '07:30', title: '高垣彩陽のあしたも晴レルヤ' } ],
  [ { start: '08:00', title: 'A&G NEXT BREAKS 吉田有里のFIVE STARS' },
    { start: '08:00', title: 'A&G NEXT BREAKS 黒沢ともよのFIVE STARS' },
    { start: '08:00', title: 'A&G NEXT BREAKS 深川芹亜のFIVE STARS' },
    { start: '08:00', title: 'A&G NEXT BREAKS 田中美海のFIVE STARS' },
    { start: '08:00', title: 'A&G NEXT BREAKS 松田利冴のFIVE STARS' },
    { start: '08:00', title: '超！Ａ＆Ｇ＋ スペシャル' },
    { start: '08:00',
      title: 'セカンドショットアワー「戸松遥のココロ☆ハルカス」「寿美菜子のラフラフ」' } ],
  [ { start: '08:15', title: '虹のコンキスタドール　ふわりん放送室' },
    { start: '08:15', title: '虹のコンキスタドール　ふわりん放送室' },
    { start: '08:15', title: '虹のコンキスタドール　ふわりん放送室' },
    { start: '08:15', title: '虹のコンキスタドール　ふわりん放送室' },
    { start: '08:15', title: '虹のコンキスタドール　ふわりん放送室' },
    { start: '', title: '' },
    { start: '', title: '' } ],
  [ { start: '08:25', title: 'A&G NEXT BREAKS 吉田有里のFIVE STARS' },
    { start: '08:25', title: 'A&G NEXT BREAKS 黒沢ともよのFIVE STARS' },
    { start: '08:25', title: 'A&G NEXT BREAKS 深川芹亜のFIVE STARS' },
    { start: '08:25', title: 'A&G NEXT BREAKS 田中美海のFIVE STARS' },
    { start: '08:25', title: 'A&G NEXT BREAKS 松田利冴のFIVE STARS' },
    { start: '', title: '' },
    { start: '', title: '' } ],
  [ { start: '09:00', title: 'Fate／Grand Order カルデア・ラジオ局' },
    { start: '09:00', title: '大空直美・小澤亜李のsweet café time' },
    { start: '09:00', title: '安済知佳　いちかばちか' },
    { start: '09:00', title: '内田雄馬 君の話を焼かせて' },
    { start: '09:00', title: 'アニゲラ！ディドゥーーン！！！' },
    { start: '09:00', title: 'この木なんの木　青木と黒木' },
    { start: '09:00', title: '花澤香菜のひとりでできるかな？' } ],
  [ { start: '', title: '' },
    { start: '09:30', title: '東山奈央のラジオ＠リビング' },
    { start: '09:30', title: '井上麻里奈・下田麻美のIT革命！' },
    { start: '09:30', title: 'スターラジオーシャン　アナムネシス' },
    { start: '09:30', title: 'the AUDIENCE～選択型ラジオ～' },
    { start: '09:30', title: 'アフィリア魔法学院放送部' },
    { start: '09:30', title: '早見沙織の ふり～すたいる♪' } ],
  [ { start: '10:00', title: 'れい＆ゆいの文化放送ホームランラジオ！' },
    { start: '10:00', title: '井口裕香のむ～～～ん ⊂(　＾ω＾)⊃' },
    { start: '10:00', title: 'ＲＡＤＩＯ４Ｇａｍｅｒ　ＴＡＰ（仮）' },
    { start: '10:00',
      title: '文化放送モバイルplus presents 生放送！小野友樹の15分はキミ次第!!拡大SPECIAL' },
    { start: '10:00', title: '豊崎愛生のおかえりらじお' },
    { start: '10:00', title: '竹達・沼倉の初ラジ！' },
    { start: '10:00', title: '高森奈津美とおちゃっちゃしよ？' } ],
  [ { start: '', title: '' },
    { start: '', title: '' },
    { start: '', title: '' },
    { start: '', title: '' },
    { start: '', title: '' },
    { start: '10:30', title: 'TrySailのTRYangle harmony' },
    { start: '10:30', title: '阿澄佳奈 星空ひなたぼっこ' } ],
  [ { start: '11:00', title: '小野大輔・近藤孝行の 夢冒険～Ｄｒａｇｏｎ＆Ｔｉｇｅｒ' },
    { start: '11:00', title: '阿澄佳奈 星空ひなたぼっこ' },
    { start: '11:00', title: '村川梨衣の a りえしょんぷり～ず' },
    { start: '11:00', title: '内山昂輝の1クール！' },
    { start: '11:00', title: '花澤香菜のひとりでできるかな？' },
    { start: '11:00', title: '羽多野・寺島 Radio 2D LOVE' },
    { start: '11:00', title: 'A&Gリクエストアワー　阿澄佳奈のキミまち！' } ],
  [ { start: '11:30', title: '羽多野・寺島 Radio 2D LOVE' },
    { start: '11:30', title: '黒崎さんち' },
    { start: '11:30', title: 'セブン-イレブンpresents佐倉としたい大西' },
    { start: '11:30', title: '斉藤壮馬・石川界人のダメじゃないラジオ' },
    { start: '11:30', title: '竹達・沼倉の初ラジ！' },
    { start: '11:30', title: 'P.S.元気です。孝宏' },
    { start: '', title: '' } ],
  [ { start: '12:00', title: '西山宏太朗のたろゆめ！' },
    { start: '12:00', title: '鷲崎健のヨルナイト×ヨルナイト' },
    { start: '12:00', title: '鷲崎健のヨルナイト×ヨルナイト' },
    { start: '12:00', title: '鷲崎健のヨルナイト×ヨルナイト' },
    { start: '12:00', title: '鷲崎健のヨルナイト×ヨルナイト' },
    { start: '12:00', title: 'アニゲラ！ディドゥーーン！！！' },
    { start: '', title: '' } ],
  [ { start: '', title: '' },
    { start: '12:30', title: '井澤・立花　ノルカソルカ' },
    { start: '12:30', title: '井澤・立花　ノルカソルカ' },
    { start: '12:30', title: '井澤・立花　ノルカソルカ' },
    { start: '12:30', title: '井澤・立花　ノルカソルカ' },
    { start: '12:30', title: '小野大輔・近藤孝行の 夢冒険～Ｄｒａｇｏｎ＆Ｔｉｇｅｒ' },
    { start: '', title: '' } ],
  [ { start: '', title: '' },
    { start: '12:40', title: '鷲崎健のヨルナイト×ヨルナイト' },
    { start: '12:40', title: '鷲崎健のヨルナイト×ヨルナイト' },
    { start: '12:40', title: '鷲崎健のヨルナイト×ヨルナイト' },
    { start: '12:40', title: '鷲崎健のヨルナイト×ヨルナイト' },
    { start: '', title: '' },
    { start: '', title: '' } ],
  [ { start: '12:57', title: '今泉P　Presents　ファンキルの今夜も絶！好調' },
    { start: '12:57', title: '今泉P　Presents　ファンキルの今夜も絶！好調' },
    { start: '12:57', title: '今泉P　Presents　ファンキルの今夜も絶！好調' },
    { start: '12:57', title: '今泉P　Presents　ファンキルの今夜も絶！好調' },
    { start: '12:57', title: '今泉P　Presents　ファンキルの今夜も絶！好調' },
    { start: '', title: '' },
    { start: '', title: '' } ],
  [ { start: '13:00', title: '逢坂市立花江学園 ～Ｒａｄｉｏ' },
    { start: '13:00', title: '西明日香のデリケートゾーン！' },
    { start: '13:00', title: '洲崎西' },
    { start: '13:00', title: '千葉翔也・野上翔の翔福翔来！！' },
    { start: '13:00', title: '徳井青空のまぁるくなぁれ！' },
    { start: '13:00', title: 'Ａ＆Ｇサタデーライブ！' },
    { start: '13:00',
      title: '宇宙漁師候補生がラジオやってみた！宇宙漁業団非公認！花林とほの花とももことソラとウミのラジオ！略してギョギョッとラジオ！さらに略してギョギョラジ！' } ],
  [ { start: '13:30', title: '雲水の今晩どうしましょう！？' },
    { start: '13:30', title: '西田望見・奥野香耶のず〜ぱらだいす' },
    { start: '13:30', title: '春佳・彩花のSSちゃんねる' },
    { start: '13:30', title: '武内駿輔のGooooood　JOB!' },
    { start: '13:30', title: '久保ユリカが１人しゃべり なんて胃が痛い。' },
    { start: '', title: '' },
    { start: '13:30', title: '２２/７（ナナブンノニジュウニ） 割り切れないラジオ' } ],
  [ { start: '', title: '' },
    { start: '', title: '' },
    { start: '', title: '' },
    { start: '', title: '' },
    { start: '', title: '' },
    { start: '13:57', title: 'まだ未完成だっていいじゃない' },
    { start: '', title: '' } ],
  [ { start: '14:00', title: '思春期が終わりません！！' },
    { start: '14:00', title: '豊田萌絵のアイドル畑でつかまえて' },
    { start: '14:00', title: '砂山・赤﨑アワー えじまる' },
    { start: '14:00', title: 'ノン子とのび太の アニメスクランブル' },
    { start: '14:00',
      title: '東放学園映画専門学校 presents　大久保瑠美・桑原由気　まなべる！ライトノベル！' },
    { start: '14:00', title: '梶裕貴のひとりごと' },
    { start: '14:00', title: 'スロウスタートSTARTailsちゃん！ね！ね！ねる！☆' } ],
  [ { start: '14:30', title: 'BELOVED MEMORIES' },
    { start: '14:30', title: '本渡楓と天津向の「本渡上陸作戦」' },
    { start: '14:30', title: '高垣彩陽のあしたも晴レルヤ' },
    { start: '14:30', title: '谷山紀章の明日もがんばります！ ' },
    { start: '14:30', title: '三澤紗千香のラジオを聴くじゃんね！' },
    { start: '14:30', title: '暗転モノローグ ～もし声優生田善子が高校演劇マンガの原作者をやったら～' },
    { start: '14:30', title: '美男高校地球防衛部 RADIO HAPPY KISS' } ],
  [ { start: '15:00', title: '柿原と流田のラジオ＋（　　　　）' },
    { start: '15:00', title: '佐藤亜美菜のアミメン！' },
    { start: '15:00', title: 'ラジオアニメージュ' },
    { start: '15:00', title: '今村彩夏 STAY GOLD' },
    { start: '15:00', title: '能登麻美子　おはなしＮＯＴＥ' },
    { start: '15:00', title: 'りっぴー・れいれいのRadioフジゲームス＋' },
    { start: '15:00', title: 'えなこの○○ラジオ' } ],
  [ { start: '15:30', title: 'タチバナＴＶ' },
    { start: '15:30', title: '伊福部崇のラジオのラジオ' },
    { start: '15:30', title: '渕上舞のとりあえずまぁ、話だけでも。' },
    { start: '15:30', title: 'ここいば！' },
    { start: '15:30', title: 'のざP・駒形友梨のライブドッグ！' },
    { start: '15:30', title: '高本めぐみの音めぐり♪' },
    { start: '15:30', title: '本多真梨子・戸田めぐみの ほんとだ！' } ],
  [ { start: '16:00', title: 'アニきゅん！' },
    { start: '16:00', title: '相坂くんのリトマス紙' },
    { start: '16:00', title: '諏訪道彦のスワラジ' },
    { start: '16:00', title: 'アクターズゲート　満理奈と千絵のユメ☆おおモリ' },
    { start: '16:00', title: '超！Ａ＆Ｇ＋ スペシャル' },
    { start: '16:00', title: '千本木彩花・和多田美咲・赤尾ひかるのようこそ！グリーンハーベスト' },
    { start: '16:00', title: '和田昌之と金子有希のWADAX Radio' } ],
  [ { start: '', title: '' },
    { start: '16:30', title: '渕上舞のとりあえずまぁ、話だけでも。' },
    { start: '16:30',
      title: 'Bistro Entertainment Radio おかわり！明神カフェへ！' },
    { start: '16:30', title: '山井聖人と大石歩佳のらじぽっ！' },
    { start: '', title: '' },
    { start: '16:30', title: '篠田みなみ・指出毬亜のちぐはぐ。' },
    { start: '16:30', title: '徳井青空・久保ユリカ　アルマギア情報局' } ],
  [ { start: '17:00', title: '乃並なのの本気！アニラブ' },
    { start: '17:00', title: '峯田茉優の本気！アニラブ' },
    { start: '17:00', title: '草本夏明の本気！アニラブ' },
    { start: '17:00', title: '水野まいと湊元りょうの本気！アニラブ' },
    { start: '17:00', title: '八木菜緒のガチ！コスラブ' },
    { start: '17:00', title: '声優グランプリ　ザ・Ｒａｄｉｏ' },
    { start: '17:00', title: '夜中メイクが気になったから' } ],
  [ { start: '17:30', title: '豊田萌絵のアイドル畑でつかまえて' },
    { start: '17:30', title: '砂山・赤﨑アワー えじまる' },
    { start: '17:30', title: 'ノン子とのび太の アニメスクランブル' },
    { start: '17:30',
      title: '東放学園映画専門学校 presents　大久保瑠美・桑原由気　まなべる！ライトノベル！' },
    { start: '17:30', title: 'i☆Ristation!!' },
    { start: '17:30', title: '超速電波ヴァルキリータ→ン' },
    { start: '17:30', title: 'めっちゃすきやねん' } ],
  [ { start: '18:00', title: 'A&G ARTIST ZONE 22/7のTHE CATCH' },
    { start: '18:00',
      title: 'A&G ARTIST ZONE Luce Twinkle wink☆のTHE CATCH' },
    { start: '18:00', title: 'A&G ARTIST ZONE YURiKAのTHE CATCH' },
    { start: '18:00', title: 'A&G ARTIST ZONE A応PのTHE CATCH' },
    { start: '18:00',
      title: 'A&G ARTIST ZONE Mia REGINAのTHE CATCH' },
    { start: '18:00', title: '井澤美香子・諏訪ななか　ふわさた' },
    { start: '18:00', title: '岩田光央･鈴村健一 スウィートイグニッション' } ],
  [ { start: '', title: '' },
    { start: '', title: '' },
    { start: '', title: '' },
    { start: '', title: '' },
    { start: '', title: '' },
    { start: '18:30', title: '高森奈津美とおちゃっちゃしよ？' },
    { start: '18:30', title: 'かなことさらら' } ],
  [ { start: '19:00', title: '石原夏織のCarry up!?' },
    { start: '19:00', title: '竹達彩奈「ひみつのラジオ」' },
    { start: '19:00', title: '大橋彩香のAny Beat！' },
    { start: '19:00', title: 'Pyxisの夜空の下　de Meeting' },
    { start: '19:00', title: 'ガールズジョッキー ラジオステークス' },
    { start: '19:00', title: '小澤亜李・長縄まりあのおざなり' },
    { start: '19:00', title: 'セハガールのハードなSEGA情報RADIO『セハラジ』' } ],
  [ { start: '19:30', title: '温泉むすめ放送部' },
    { start: '19:30', title: 'TrySailのTRYangle harmony' },
    { start: '19:30', title: '楠田亜衣奈・渡部優衣の気分上等↑↑' },
    { start: '19:30', title: 'ヲタ恋ラジヲ～ラジオは専門外ですけどがんばります。～' },
    { start: '19:30', title: '人生道でも飯田里穂' },
    { start: '19:30', title: '早見沙織の ふり～すたいる♪' },
    { start: '19:30', title: 'アフィリア魔法学院放送部' } ],
  [ { start: '20:00', title: 'A&G NEXT BREAKS 黒沢ともよのFIVE STARS' },
    { start: '20:00', title: 'A&G NEXT BREAKS 深川芹亜のFIVE STARS' },
    { start: '20:00', title: 'A&G NEXT BREAKS 田中美海のFIVE STARS' },
    { start: '20:00', title: 'A&G NEXT BREAKS 松田利冴のFIVE STARS' },
    { start: '20:00', title: 'A&G NEXT BREAKS 吉田有里のFIVE STARS' },
    { start: '20:00', title: 'フレッシュたかまつ' },
    { start: '20:00', title: '福圓美里・佐藤利奈のろヴらじ' } ],
  [ { start: '20:15', title: '虹のコンキスタドール　ふわりん放送室' },
    { start: '20:15', title: '虹のコンキスタドール　ふわりん放送室' },
    { start: '20:15', title: '虹のコンキスタドール　ふわりん放送室' },
    { start: '20:15', title: '虹のコンキスタドール　ふわりん放送室' },
    { start: '20:15', title: '虹のコンキスタドール　ふわりん放送室' },
    { start: '', title: '' },
    { start: '', title: '' } ],
  [ { start: '20:25', title: 'A&G NEXT BREAKS 黒沢ともよのFIVE STARS' },
    { start: '20:25', title: 'A&G NEXT BREAKS 深川芹亜のFIVE STARS' },
    { start: '20:25', title: 'A&G NEXT BREAKS 田中美海のFIVE STARS' },
    { start: '20:25', title: 'A&G NEXT BREAKS 松田利冴のFIVE STARS' },
    { start: '20:25', title: 'A&G NEXT BREAKS 吉田有里のFIVE STARS' },
    { start: '', title: '' },
    { start: '', title: '' } ],
  [ { start: '', title: '' },
    { start: '', title: '' },
    { start: '', title: '' },
    { start: '', title: '' },
    { start: '', title: '' },
    { start: '20:30', title: '内田真礼とおはなししません？' },
    { start: '20:30', title: 'この木なんの木　青木と黒木' } ],
  [ { start: '21:00', title: '大空直美・小澤亜李のsweet café time' },
    { start: '21:00', title: '安済知佳　いちかばちか' },
    { start: '21:00', title: '内田雄馬 君の話を焼かせて' },
    { start: '21:00', title: 'アニゲラ！ディドゥーーン！！！' },
    { start: '21:00', title: 'Fate／Grand Order カルデア・ラジオ局' },
    { start: '21:00', title: 'A&G TRIBAL RADIOエジソン' },
    { start: '21:00', title: '丹下桜のRadio・A・La・Mode' } ],
  [ { start: '21:30', title: '東山奈央のラジオ＠リビング' },
    { start: '21:30', title: '井上麻里奈・下田麻美のIT革命！' },
    { start: '21:30', title: 'スターラジオーシャン　アナムネシス' },
    { start: '21:30', title: 'the AUDIENCE～選択型ラジオ～' },
    { start: '', title: '' },
    { start: '', title: '' },
    { start: '21:30', title: '箱' } ],
  [ { start: '22:00', title: '井口裕香のむ～～～ん ⊂(　＾ω＾)⊃' },
    { start: '22:00', title: 'ＲＡＤＩＯ４Ｇａｍｅｒ　ＴＡＰ（仮）' },
    { start: '22:00', title: '文化放送モバイルplus presents　諏訪部順一の生放送！' },
    { start: '22:00', title: '豊崎愛生のおかえりらじお' },
    { start: '22:00', title: 'れい＆ゆいの文化放送ホームランラジオ！' },
    { start: '', title: '' },
    { start: '22:00', title: '阿部敦・植田佳奈の ガンストうぇ～ぶ' } ],
  [ { start: '', title: '' },
    { start: '', title: '' },
    { start: '', title: '' },
    { start: '', title: '' },
    { start: '', title: '' },
    { start: '', title: '' },
    { start: '22:30', title: '諏訪部順一・西田雅一の 覚醒チューン！' } ],
  [ { start: '23:00', title: '阿澄佳奈 星空ひなたぼっこ' },
    { start: '23:00', title: '村川梨衣の a りえしょんぷり～ず' },
    { start: '23:00', title: '内山昂輝の1クール！' },
    { start: '23:00', title: '花澤香菜のひとりでできるかな？' },
    { start: '23:00', title: '小野大輔・近藤孝行の 夢冒険～Ｄｒａｇｏｎ＆Ｔｉｇｅｒ' },
    { start: '23:00', title: 'A&G メディアステーション こむちゃっと カウントダウンプラス' },
    { start: '23:00', title: '梶裕貴のひとりごと' } ],
  [ { start: '23:30', title: '黒崎さんち' },
    { start: '23:30', title: 'セブン-イレブンpresents佐倉としたい大西' },
    { start: '23:30', title: '斉藤壮馬・石川界人のダメじゃないラジオ' },
    { start: '23:30', title: '竹達・沼倉の初ラジ！' },
    { start: '23:30', title: '羽多野・寺島 Radio 2D LOVE' },
    { start: '', title: '' },
    { start: '23:30', title: '天才軍師' } ],
  [ { start: '24:00', title: '鷲崎健のヨルナイト×ヨルナイト' },
    { start: '24:00', title: '鷲崎健のヨルナイト×ヨルナイト' },
    { start: '24:00', title: '鷲崎健のヨルナイト×ヨルナイト' },
    { start: '24:00', title: '鷲崎健のヨルナイト×ヨルナイト' },
    { start: '24:00', title: '西山宏太朗のたろゆめ！' },
    { start: '24:00',
      title: 'セカンドショットアワー「戸松遥のココロ☆ハルカス」「寿美菜子のラフラフ」' },
    { start: '24:00', title: 'P.S.元気です。孝宏' } ],
  [ { start: '24:30', title: '井澤・立花　ノルカソルカ' },
    { start: '24:30', title: '井澤・立花　ノルカソルカ' },
    { start: '24:30', title: '井澤・立花　ノルカソルカ' },
    { start: '24:30', title: '井澤・立花　ノルカソルカ' },
    { start: '', title: '' },
    { start: '', title: '' },
    { start: '24:30', title: '石川界人のエクステンドラジオ' } ],
  [ { start: '24:40', title: '鷲崎健のヨルナイト×ヨルナイト' },
    { start: '24:40', title: '鷲崎健のヨルナイト×ヨルナイト' },
    { start: '24:40', title: '鷲崎健のヨルナイト×ヨルナイト' },
    { start: '24:40', title: '鷲崎健のヨルナイト×ヨルナイト' },
    { start: '', title: '' },
    { start: '', title: '' },
    { start: '', title: '' } ],
  [ { start: '24:57', title: '今泉P　Presents　ファンキルの今夜も絶！好調' },
    { start: '24:57', title: '今泉P　Presents　ファンキルの今夜も絶！好調' },
    { start: '24:57', title: '今泉P　Presents　ファンキルの今夜も絶！好調' },
    { start: '24:57', title: '今泉P　Presents　ファンキルの今夜も絶！好調' },
    { start: '24:57', title: '今泉P　Presents　ファンキルの今夜も絶！好調' },
    { start: '', title: '' },
    { start: '', title: '' } ],
  [ { start: '25:00', title: '西明日香のデリケートゾーン！' },
    { start: '25:00', title: '洲崎西' },
    { start: '25:00', title: '千葉翔也・野上翔の翔福翔来！！' },
    { start: '25:00', title: '徳井青空のまぁるくなぁれ！' },
    { start: '25:00', title: '逢坂市立花江学園 ～Ｒａｄｉｏ' },
    { start: '25:00', title: 'あどりぶ' },
    { start: '25:00', title: 'RADIO M４!!!!' } ],
  [ { start: '25:30', title: '西田望見・奥野香耶のず〜ぱらだいす' },
    { start: '25:30', title: '春佳・彩花のSSちゃんねる' },
    { start: '25:30', title: '武内駿輔のGooooood　JOB!' },
    { start: '25:30', title: '久保ユリカが１人しゃべり なんて胃が痛い。' },
    { start: '25:30', title: '雲水の今晩どうしましょう！？' },
    { start: '25:30', title: '☆佳村はるかのひみつきち☆' },
    { start: '25:30', title: '思春期が終わりません！！' } ],
  [ { start: '26:00', title: '本渡楓と天津向の「本渡上陸作戦」' },
    { start: '26:00', title: '高垣彩陽のあしたも晴レルヤ' },
    { start: '26:00', title: '谷山紀章の明日もがんばります！ ' },
    { start: '26:00', title: '三澤紗千香のラジオを聴くじゃんね！' },
    { start: '26:00', title: 'BELOVED MEMORIES' },
    { start: '26:00', title: 'イコラジ　“ＲＡＤＩＯ＝ＬＯＶＥ”' },
    { start: '26:00', title: '宏太朗と裕一郎　ひょろっと男子' } ],
  [ { start: '26:30', title: '佐藤亜美菜のアミメン！' },
    { start: '26:30', title: 'ラジオアニメージュ' },
    { start: '26:30', title: '今村彩夏 STAY GOLD' },
    { start: '26:30', title: '能登麻美子　おはなしＮＯＴＥ' },
    { start: '26:30', title: '柿原と流田のラジオ＋（　　　　）' },
    { start: '26:30', title: 'ペーパーアイドル！！' },
    { start: '26:30', title: '村瀬くんと八代くん（仮）' } ],
  [ { start: '27:00', title: '伊福部崇のラジオのラジオ' },
    { start: '27:00', title: '学園祭学園プレゼンツ　喋れ！学園祭' },
    { start: '27:00', title: 'ここいば！' },
    { start: '27:00', title: 'のざP・駒形友梨のライブドッグ！' },
    { start: '27:00', title: 'タチバナＴＶ' },
    { start: '27:00', title: 'ラジオどっとあい　藤原夏海のどったんばったんラジオ！！' },
    { start: '27:00', title: '放送休止' } ],
  [ { start: '27:30', title: '乃並なのの本気！アニラブ' },
    { start: '27:30', title: '峯田茉優の本気！アニラブ' },
    { start: '27:30', title: '草本夏明の本気！アニラブ' },
    { start: '27:30', title: '水野まいと湊元りょうの本気！アニラブ' },
    { start: '27:30', title: '八木菜緒のガチ！コスラブ' },
    { start: '27:30',
      title: 'MAN TWO MONTH RADIO 伊東健人のI to You from Tokyo' },
    { start: '', title: '' } ] ]
